Error in load_tests: (ProgrammingError) column test.identity does not exist
LINE 1: SELECT test.id AS test_id, test.identity AS test_identity, t...
                                   ^
 'SELECT test.id AS test_id, test.identity AS test_identity, test.name AS test_name, test.no_of_questions AS test_no_of_questions, test.start AS test_start, test."end" AS test_end, test.duration AS test_duration, test.description AS test_description, test.instructions AS test_instructions, test.grading AS test_grading \nFROM test' {}
seeking for tether.min.js from 127.0.0.1 at 2017-12-12 20:06:06.656073
seeking for bootstrap.js from 127.0.0.1 at 2017-12-12 20:06:06.682326
seeking for jquery.cookie.min.js from 127.0.0.1 at 2017-12-12 20:06:06.703394
Error in load_tests: (ProgrammingError) column test.identity does not exist
LINE 1: SELECT test.id AS test_id, test.identity AS test_identity, t...
                                   ^
 'SELECT test.id AS test_id, test.identity AS test_identity, test.name AS test_name, test.no_of_questions AS test_no_of_questions, test.start AS test_start, test."end" AS test_end, test.duration AS test_duration, test.description AS test_description, test.instructions AS test_instructions, test.grading AS test_grading \nFROM test' {}
Error in create_test: (IntegrityError) duplicate key value violates unique constraint "test_identity_key"
DETAIL:  Key (identity)=(demo) already exists.
 'INSERT INTO test (identity, name, no_of_questions, start, "end", duration, description, instructions, grading) VALUES (%(identity)s, %(name)s, %(no_of_questions)s, %(start)s, %(end)s, %(duration)s, %(description)s, %(instructions)s, %(grading)s) RETURNING test.id' {'end': datetime.datetime(2017, 12, 12, 20, 7, 2, 866088, tzinfo=<DstTzInfo 'Asia/Kolkata' IST+5:30:00 STD>), 'name': u'New Demo Test', 'grading': '', 'description': '', 'start': datetime.datetime(2017, 12, 12, 20, 7, 2, 866030, tzinfo=<DstTzInfo 'Asia/Kolkata' IST+5:30:00 STD>), 'no_of_questions': u'1', 'duration': u'100', 'identity': u'demo', 'instructions': ''}
Error in create_test: This Session's transaction has been rolled back due to a previous exception during flush. To begin a new transaction with this Session, first issue Session.rollback(). Original exception was: (IntegrityError) duplicate key value violates unique constraint "test_identity_key"
DETAIL:  Key (identity)=(demo) already exists.
 'INSERT INTO test (identity, name, no_of_questions, start, "end", duration, description, instructions, grading) VALUES (%(identity)s, %(name)s, %(no_of_questions)s, %(start)s, %(end)s, %(duration)s, %(description)s, %(instructions)s, %(grading)s) RETURNING test.id' {'end': datetime.datetime(2017, 12, 12, 20, 10, 42, 473008, tzinfo=<DstTzInfo 'Asia/Kolkata' IST+5:30:00 STD>), 'description': '', 'grading': '', 'start': datetime.datetime(2017, 12, 12, 20, 10, 42, 472951, tzinfo=<DstTzInfo 'Asia/Kolkata' IST+5:30:00 STD>), 'no_of_questions': u'1', 'duration': u'100', 'instructions': '', 'identity': u'demo', 'name': u'New Demo Test'}
Error in create_test: This Session's transaction has been rolled back due to a previous exception during flush. To begin a new transaction with this Session, first issue Session.rollback(). Original exception was: (IntegrityError) duplicate key value violates unique constraint "test_identity_key"
DETAIL:  Key (identity)=(demo) already exists.
 'INSERT INTO test (identity, name, no_of_questions, start, "end", duration, description, instructions, grading) VALUES (%(identity)s, %(name)s, %(no_of_questions)s, %(start)s, %(end)s, %(duration)s, %(description)s, %(instructions)s, %(grading)s) RETURNING test.id' {'end': datetime.datetime(2017, 12, 12, 20, 10, 42, 473008, tzinfo=<DstTzInfo 'Asia/Kolkata' IST+5:30:00 STD>), 'description': '', 'grading': '', 'start': datetime.datetime(2017, 12, 12, 20, 10, 42, 472951, tzinfo=<DstTzInfo 'Asia/Kolkata' IST+5:30:00 STD>), 'no_of_questions': u'1', 'duration': u'11', 'instructions': '', 'identity': u'demo', 'name': u'New Demo Test'}
Error in create_test: global name 'sqlalchemy' is not defined
